2024-05-27T20:40:43.691+03:00  INFO 88676 --- [main] r.s.banking_api.BankingApiApplication    : Starting BankingApiApplication using Java 17.0.4 with PID 88676 (C:\Users\greng\OneDrive\Рабочий стол\bank-api\target\classes started by greng in C:\Users\greng\OneDrive\Рабочий стол\bank-api)
2024-05-27T20:40:43.698+03:00  INFO 88676 --- [main] r.s.banking_api.BankingApiApplication    : No active profile set, falling back to 1 default profile: "default"
2024-05-27T20:40:45.318+03:00  INFO 88676 --- [main] .s.d.r.c.RepositoryConfigurationDelegate : Bootstrapping Spring Data JPA repositories in DEFAULT mode.
2024-05-27T20:40:45.443+03:00  INFO 88676 --- [main] .s.d.r.c.RepositoryConfigurationDelegate : Finished Spring Data repository scanning in 106 ms. Found 2 JPA repository interfaces.
2024-05-27T20:40:46.437+03:00  INFO 88676 --- [main] o.s.b.w.embedded.tomcat.TomcatWebServer  : Tomcat initialized with port 8080 (http)
2024-05-27T20:40:46.452+03:00  INFO 88676 --- [main] o.apache.catalina.core.StandardService   : Starting service [Tomcat]
2024-05-27T20:40:46.452+03:00  INFO 88676 --- [main] o.apache.catalina.core.StandardEngine    : Starting Servlet engine: [Apache Tomcat/10.1.24]
2024-05-27T20:40:46.539+03:00  INFO 88676 --- [main] o.a.c.c.C.[Tomcat].[localhost].[/]       : Initializing Spring embedded WebApplicationContext
2024-05-27T20:40:46.540+03:00  INFO 88676 --- [main] w.s.c.ServletWebServerApplicationContext : Root WebApplicationContext: initialization completed in 2739 ms
2024-05-27T20:40:46.841+03:00  INFO 88676 --- [main] o.hibernate.jpa.internal.util.LogHelper  : HHH000204: Processing PersistenceUnitInfo [name: default]
2024-05-27T20:40:46.968+03:00  INFO 88676 --- [main] org.hibernate.Version                    : HHH000412: Hibernate ORM core version 6.5.2.Final
2024-05-27T20:40:47.060+03:00  INFO 88676 --- [main] o.h.c.internal.RegionFactoryInitiator    : HHH000026: Second-level cache disabled
2024-05-27T20:40:47.689+03:00  INFO 88676 --- [main] o.s.o.j.p.SpringPersistenceUnitInfo      : No LoadTimeWeaver setup: ignoring JPA class transformer
2024-05-27T20:40:47.743+03:00  INFO 88676 --- [main] com.zaxxer.hikari.HikariDataSource       : HikariPool-1 - Starting...
2024-05-27T20:40:47.930+03:00  INFO 88676 --- [main] com.zaxxer.hikari.pool.HikariPool        : HikariPool-1 - Added connection org.postgresql.jdbc.PgConnection@252c6cdb
2024-05-27T20:40:47.933+03:00  INFO 88676 --- [main] com.zaxxer.hikari.HikariDataSource       : HikariPool-1 - Start completed.
2024-05-27T20:40:50.051+03:00  INFO 88676 --- [main] o.h.e.t.j.p.i.JtaPlatformInitiator       : HHH000489: No JTA platform available (set 'hibernate.transaction.jta.platform' to enable JTA platform integration)
2024-05-27T20:40:50.441+03:00  INFO 88676 --- [main] j.LocalContainerEntityManagerFactoryBean : Initialized JPA EntityManagerFactory for persistence unit 'default'
2024-05-27T20:40:51.129+03:00 TRACE 88676 --- [main] eGlobalAuthenticationAutowiredConfigurer : Eagerly initializing {securityFilterChainConfiguration=ru.shmvsky.banking_api.configuration.SecurityFilterChainConfiguration$$SpringCGLIB$$0@629dfb5a}
2024-05-27T20:40:51.132+03:00  INFO 88676 --- [main] eAuthenticationProviderManagerConfigurer : Global AuthenticationManager configured with AuthenticationProvider bean with name authenticationProvider
2024-05-27T20:40:51.133+03:00  WARN 88676 --- [main] r$InitializeUserDetailsManagerConfigurer : Global AuthenticationManager configured with an AuthenticationProvider bean. UserDetailsService beans will not be used for username/password login. Consider removing the AuthenticationProvider bean. Alternatively, consider using the UserDetailsService in a manually instantiated DaoAuthenticationProvider.
2024-05-27T20:40:51.341+03:00  WARN 88676 --- [main] JpaBaseConfiguration$JpaWebConfiguration : spring.jpa.open-in-view is enabled by default. Therefore, database queries may be performed during view rendering. Explicitly configure spring.jpa.open-in-view to disable this warning
2024-05-27T20:40:51.664+03:00 DEBUG 88676 --- [main] s.w.s.m.m.a.RequestMappingHandlerMapping : 13 mappings in 'requestMappingHandlerMapping'
2024-05-27T20:40:51.708+03:00 DEBUG 88676 --- [main] o.s.w.s.handler.SimpleUrlHandlerMapping  : Patterns [/swagger-ui/swagger-ui*/*swagger-initializer.js, /swagger-ui/swagger-ui*/**] in 'resourceHandlerMapping'
2024-05-27T20:40:51.790+03:00  INFO 88676 --- [main] o.s.s.web.DefaultSecurityFilterChain     : Will secure any request with [org.springframework.security.web.session.DisableEncodeUrlFilter@98a0842, org.springframework.security.web.context.request.async.WebAsyncManagerIntegrationFilter@56f569e, org.springframework.security.web.context.SecurityContextHolderFilter@5be8a92c, org.springframework.security.web.header.HeaderWriterFilter@6e669b5c, org.springframework.web.filter.CorsFilter@525c0f74, org.springframework.security.web.authentication.logout.LogoutFilter@1df83569, ru.shmvsky.banking_api.configuration.JwtFilter@7f7f544a, org.springframework.security.web.savedrequest.RequestCacheAwareFilter@7fae6f43, org.springframework.security.web.servletapi.SecurityContextHolderAwareRequestFilter@7a3ab73a, org.springframework.security.web.authentication.AnonymousAuthenticationFilter@3da12ba4, org.springframework.security.web.session.SessionManagementFilter@1483c738, org.springframework.security.web.access.ExceptionTranslationFilter@58c93be3, org.springframework.security.web.access.intercept.AuthorizationFilter@531bfe4b]
2024-05-27T20:40:51.891+03:00 DEBUG 88676 --- [main] s.w.s.m.m.a.RequestMappingHandlerAdapter : ControllerAdvice beans: 0 @ModelAttribute, 0 @InitBinder, 1 RequestBodyAdvice, 1 ResponseBodyAdvice
2024-05-27T20:40:51.959+03:00 DEBUG 88676 --- [main] .m.m.a.ExceptionHandlerExceptionResolver : ControllerAdvice beans: 2 @ExceptionHandler, 1 ResponseBodyAdvice
2024-05-27T20:40:52.438+03:00  INFO 88676 --- [main] o.s.b.w.embedded.tomcat.TomcatWebServer  : Tomcat started on port 8080 (http) with context path '/'
2024-05-27T20:40:52.462+03:00  INFO 88676 --- [main] r.s.banking_api.BankingApiApplication    : Started BankingApiApplication in 9.879 seconds (process running for 11.044)
2024-05-27T20:40:52.734+03:00  INFO 88676 --- [scheduling-1] r.s.banking_api.service.AccountService   : Updating accounts balances
2024-05-27T20:41:07.016+03:00  INFO 88676 --- [SpringApplicationShutdownHook] j.LocalContainerEntityManagerFactoryBean : Closing JPA EntityManagerFactory for persistence unit 'default'
2024-05-27T20:41:07.019+03:00  INFO 88676 --- [SpringApplicationShutdownHook] com.zaxxer.hikari.HikariDataSource       : HikariPool-1 - Shutdown initiated...
2024-05-27T20:41:07.025+03:00  INFO 88676 --- [SpringApplicationShutdownHook] com.zaxxer.hikari.HikariDataSource       : HikariPool-1 - Shutdown completed.
2024-05-27T20:41:10.818+03:00  INFO 90340 --- [main] r.s.banking_api.BankingApiApplication    : Starting BankingApiApplication using Java 17.0.4 with PID 90340 (C:\Users\greng\OneDrive\Рабочий стол\bank-api\target\classes started by greng in C:\Users\greng\OneDrive\Рабочий стол\bank-api)
2024-05-27T20:41:10.823+03:00  INFO 90340 --- [main] r.s.banking_api.BankingApiApplication    : No active profile set, falling back to 1 default profile: "default"
2024-05-27T20:41:12.358+03:00  INFO 90340 --- [main] .s.d.r.c.RepositoryConfigurationDelegate : Bootstrapping Spring Data JPA repositories in DEFAULT mode.
2024-05-27T20:41:12.471+03:00  INFO 90340 --- [main] .s.d.r.c.RepositoryConfigurationDelegate : Finished Spring Data repository scanning in 101 ms. Found 2 JPA repository interfaces.
2024-05-27T20:41:13.360+03:00  INFO 90340 --- [main] o.s.b.w.embedded.tomcat.TomcatWebServer  : Tomcat initialized with port 8080 (http)
2024-05-27T20:41:13.377+03:00  INFO 90340 --- [main] o.apache.catalina.core.StandardService   : Starting service [Tomcat]
2024-05-27T20:41:13.377+03:00  INFO 90340 --- [main] o.apache.catalina.core.StandardEngine    : Starting Servlet engine: [Apache Tomcat/10.1.24]
2024-05-27T20:41:13.492+03:00  INFO 90340 --- [main] o.a.c.c.C.[Tomcat].[localhost].[/]       : Initializing Spring embedded WebApplicationContext
2024-05-27T20:41:13.493+03:00  INFO 90340 --- [main] w.s.c.ServletWebServerApplicationContext : Root WebApplicationContext: initialization completed in 2576 ms
2024-05-27T20:41:13.706+03:00  INFO 90340 --- [main] o.hibernate.jpa.internal.util.LogHelper  : HHH000204: Processing PersistenceUnitInfo [name: default]
2024-05-27T20:41:13.787+03:00  INFO 90340 --- [main] org.hibernate.Version                    : HHH000412: Hibernate ORM core version 6.5.2.Final
2024-05-27T20:41:13.837+03:00  INFO 90340 --- [main] o.h.c.internal.RegionFactoryInitiator    : HHH000026: Second-level cache disabled
2024-05-27T20:41:14.289+03:00  INFO 90340 --- [main] o.s.o.j.p.SpringPersistenceUnitInfo      : No LoadTimeWeaver setup: ignoring JPA class transformer
2024-05-27T20:41:14.328+03:00  INFO 90340 --- [main] com.zaxxer.hikari.HikariDataSource       : HikariPool-1 - Starting...
2024-05-27T20:41:14.482+03:00  INFO 90340 --- [main] com.zaxxer.hikari.pool.HikariPool        : HikariPool-1 - Added connection org.postgresql.jdbc.PgConnection@51b51641
2024-05-27T20:41:14.484+03:00  INFO 90340 --- [main] com.zaxxer.hikari.HikariDataSource       : HikariPool-1 - Start completed.
2024-05-27T20:41:16.110+03:00  INFO 90340 --- [main] o.h.e.t.j.p.i.JtaPlatformInitiator       : HHH000489: No JTA platform available (set 'hibernate.transaction.jta.platform' to enable JTA platform integration)
2024-05-27T20:41:16.455+03:00  INFO 90340 --- [main] j.LocalContainerEntityManagerFactoryBean : Initialized JPA EntityManagerFactory for persistence unit 'default'
2024-05-27T20:41:17.033+03:00 TRACE 90340 --- [main] eGlobalAuthenticationAutowiredConfigurer : Eagerly initializing {securityFilterChainConfiguration=ru.shmvsky.banking_api.configuration.SecurityFilterChainConfiguration$$SpringCGLIB$$0@36a8ebca}
2024-05-27T20:41:17.035+03:00  INFO 90340 --- [main] eAuthenticationProviderManagerConfigurer : Global AuthenticationManager configured with AuthenticationProvider bean with name authenticationProvider
2024-05-27T20:41:17.036+03:00  WARN 90340 --- [main] r$InitializeUserDetailsManagerConfigurer : Global AuthenticationManager configured with an AuthenticationProvider bean. UserDetailsService beans will not be used for username/password login. Consider removing the AuthenticationProvider bean. Alternatively, consider using the UserDetailsService in a manually instantiated DaoAuthenticationProvider.
2024-05-27T20:41:17.215+03:00  WARN 90340 --- [main] JpaBaseConfiguration$JpaWebConfiguration : spring.jpa.open-in-view is enabled by default. Therefore, database queries may be performed during view rendering. Explicitly configure spring.jpa.open-in-view to disable this warning
2024-05-27T20:41:17.436+03:00 DEBUG 90340 --- [main] s.w.s.m.m.a.RequestMappingHandlerMapping : 13 mappings in 'requestMappingHandlerMapping'
2024-05-27T20:41:17.475+03:00 DEBUG 90340 --- [main] o.s.w.s.handler.SimpleUrlHandlerMapping  : Patterns [/swagger-ui/swagger-ui*/*swagger-initializer.js, /swagger-ui/swagger-ui*/**] in 'resourceHandlerMapping'
2024-05-27T20:41:17.530+03:00  INFO 90340 --- [main] o.s.s.web.DefaultSecurityFilterChain     : Will secure any request with [org.springframework.security.web.session.DisableEncodeUrlFilter@153c69bc, org.springframework.security.web.context.request.async.WebAsyncManagerIntegrationFilter@73cfafd8, org.springframework.security.web.context.SecurityContextHolderFilter@71e2ddd, org.springframework.security.web.header.HeaderWriterFilter@5be8a92c, org.springframework.web.filter.CorsFilter@4b517357, org.springframework.security.web.authentication.logout.LogoutFilter@2c8f7d6a, ru.shmvsky.banking_api.configuration.JwtFilter@28200d43, org.springframework.security.web.savedrequest.RequestCacheAwareFilter@b97f195, org.springframework.security.web.servletapi.SecurityContextHolderAwareRequestFilter@bbf361a, org.springframework.security.web.authentication.AnonymousAuthenticationFilter@702ab027, org.springframework.security.web.session.SessionManagementFilter@67cd1db3, org.springframework.security.web.access.ExceptionTranslationFilter@66c91224, org.springframework.security.web.access.intercept.AuthorizationFilter@89dd102]
2024-05-27T20:41:17.621+03:00 DEBUG 90340 --- [main] s.w.s.m.m.a.RequestMappingHandlerAdapter : ControllerAdvice beans: 0 @ModelAttribute, 0 @InitBinder, 1 RequestBodyAdvice, 1 ResponseBodyAdvice
2024-05-27T20:41:17.679+03:00 DEBUG 90340 --- [main] .m.m.a.ExceptionHandlerExceptionResolver : ControllerAdvice beans: 2 @ExceptionHandler, 1 ResponseBodyAdvice
2024-05-27T20:41:18.079+03:00  INFO 90340 --- [main] o.s.b.w.embedded.tomcat.TomcatWebServer  : Tomcat started on port 8080 (http) with context path '/'
2024-05-27T20:41:18.098+03:00  INFO 90340 --- [main] r.s.banking_api.BankingApiApplication    : Started BankingApiApplication in 8.318 seconds (process running for 9.353)
2024-05-27T20:41:18.330+03:00  INFO 90340 --- [scheduling-1] r.s.banking_api.service.AccountService   : Updating accounts balances
2024-05-27T20:41:29.858+03:00  INFO 90340 --- [SpringApplicationShutdownHook] j.LocalContainerEntityManagerFactoryBean : Closing JPA EntityManagerFactory for persistence unit 'default'
2024-05-27T20:41:29.861+03:00  INFO 90340 --- [SpringApplicationShutdownHook] com.zaxxer.hikari.HikariDataSource       : HikariPool-1 - Shutdown initiated...
2024-05-27T20:41:29.868+03:00  INFO 90340 --- [SpringApplicationShutdownHook] com.zaxxer.hikari.HikariDataSource       : HikariPool-1 - Shutdown completed.
